<?xml version="1.0" encoding="UTF-8"?>
<testng-results total="1" passed="1" failed="0" skipped="0">
  <reporter-output>
  </reporter-output>
  <suite started-at="2024-03-06T23:32:18Z" name="Regression Test" finished-at="2024-03-06T23:32:23Z" duration-ms="5303">
    <groups>
      <group name="cucumber">
        <method signature="AbstractTestNGCucumberTests.runScenario(io.cucumber.testng.PickleWrapper, io.cucumber.testng.FeatureWrapper)[pri:0, instance:runners.TestRunner@600b90df]" name="runScenario" class="io.cucumber.testng.AbstractTestNGCucumberTests"/>
      </group> <!-- cucumber -->
    </groups>
    <test started-at="2024-03-06T23:32:18Z" name="Google Search" finished-at="2024-03-06T23:32:23Z" duration-ms="5303">
      <class name="runners.TestRunner">
        <test-method is-config="true" signature="setUpClass(org.testng.ITestContext)[pri:0, instance:runners.TestRunner@600b90df]" started-at="2024-03-06T18:32:18Z" name="setUpClass" finished-at="2024-03-06T18:32:18Z" duration-ms="295" status="PASS">
          <params>
            <param index="0">
              <value>
                <![CDATA[org.testng.TestRunner@4b790d86]]>
              </value>
            </param>
          </params>
          <reporter-output>
          </reporter-output>
        </test-method> <!-- setUpClass -->
        <test-method signature="runScenario(io.cucumber.testng.PickleWrapper, io.cucumber.testng.FeatureWrapper)[pri:0, instance:runners.TestRunner@600b90df]" started-at="2024-03-06T18:32:18Z" name="runScenario" description="Runs Cucumber Scenarios" data-provider="scenarios" finished-at="2024-03-06T18:32:23Z" duration-ms="4984" status="PASS">
          <params>
            <param index="0">
              <value>
                <![CDATA["perform a google search"]]>
              </value>
            </param>
            <param index="1">
              <value>
                <![CDATA["Google search"]]>
              </value>
            </param>
          </params>
          <reporter-output>
          </reporter-output>
        </test-method> <!-- runScenario -->
        <test-method is-config="true" signature="tearDownClass()[pri:0, instance:runners.TestRunner@600b90df]" started-at="2024-03-06T18:32:23Z" name="tearDownClass" finished-at="2024-03-06T18:32:23Z" duration-ms="4" status="PASS">
          <reporter-output>
          </reporter-output>
        </test-method> <!-- tearDownClass -->
      </class> <!-- runners.TestRunner -->
    </test> <!-- Google Search -->
  </suite> <!-- Regression Test -->
</testng-results>
